# JRE version: Java(TM) SE Runtime Environment (8.0_40-b26) (build 1.8.0_40-b26)
# Java VM: Java HotSpot(TM) 64-Bit Server VM (25.40-b25 mixed mode windows-amd64 compressed oops)
Heap:
 PSYoungGen      total 152576K, used 145956K [0x00000000eab00000, 0x00000000ffe00000, 0x0000000100000000)
  eden space 116736K, 94% used [0x00000000eab00000,0x00000000f16bdeb0,0x00000000f1d00000)
  from space 35840K, 99% used [0x00000000f1d00000,0x00000000f3fcb2f0,0x00000000f4000000)
  to   space 115200K, 0% used [0x00000000f8d80000,0x00000000f8d80000,0x00000000ffe00000)
 ParOldGen       total 330752K, used 235979K [0x00000000c0000000, 0x00000000d4300000, 0x00000000eab00000)
  object space 330752K, 71% used [0x00000000c0000000,0x00000000ce672ee0,0x00000000d4300000)
 Metaspace       used 6702K, capacity 7544K, committed 7680K, reserved 1056768K
  class space    used 627K, capacity 688K, committed 768K, reserved 1048576K
GC Heap History (10 events):
Event: 8.828 GC heap before
{Heap before GC invocations=11 (full 1):
 PSYoungGen      total 232960K, used 158157K [0x00000000eab00000, 0x0000000100000000, 0x0000000100000000)
  eden space 116736K, 100% used [0x00000000eab00000,0x00000000f1d00000,0x00000000f1d00000)
  from space 116224K, 35% used [0x00000000f1d00000,0x00000000f45735e0,0x00000000f8e80000)
  to   space 116224K, 0% used [0x00000000f8e80000,0x00000000f8e80000,0x0000000100000000)
 ParOldGen       total 300544K, used 209581K [0x00000000c0000000, 0x00000000d2580000, 0x00000000eab00000)
  object space 300544K, 69% used [0x00000000c0000000,0x00000000cccab6d0,0x00000000d2580000)
 Metaspace       used 6354K, capacity 7220K, committed 7296K, reserved 1056768K
  class space    used 606K, capacity 620K, committed 640K, reserved 1048576K
Event: 8.938 GC heap after
Heap after GC invocations=11 (full 1):
 PSYoungGen      total 232960K, used 55923K [0x00000000eab00000, 0x0000000100000000, 0x0000000100000000)
  eden space 116736K, 0% used [0x00000000eab00000,0x00000000eab00000,0x00000000f1d00000)
  from space 116224K, 48% used [0x00000000f8e80000,0x00000000fc51cca0,0x0000000100000000)
  to   space 116224K, 0% used [0x00000000f1d00000,0x00000000f1d00000,0x00000000f8e80000)
 ParOldGen       total 300544K, used 226571K [0x00000000c0000000, 0x00000000d2580000, 0x00000000eab00000)
  object space 300544K, 75% used [0x00000000c0000000,0x00000000cdd42e78,0x00000000d2580000)
 Metaspace       used 6354K, capacity 7220K, committed 7296K, reserved 1056768K
  class space    used 606K, capacity 620K, committed 640K, reserved 1048576K
}
Event: 8.938 GC heap before
{Heap before GC invocations=12 (full 2):
 PSYoungGen      total 232960K, used 55923K [0x00000000eab00000, 0x0000000100000000, 0x0000000100000000)
  eden space 116736K, 0% used [0x00000000eab00000,0x00000000eab00000,0x00000000f1d00000)
  from space 116224K, 48% used [0x00000000f8e80000,0x00000000fc51cca0,0x0000000100000000)
  to   space 116224K, 0% used [0x00000000f1d00000,0x00000000f1d00000,0x00000000f8e80000)
 ParOldGen       total 300544K, used 226571K [0x00000000c0000000, 0x00000000d2580000, 0x00000000eab00000)
  object space 300544K, 75% used [0x00000000c0000000,0x00000000cdd42e78,0x00000000d2580000)
 Metaspace       used 6354K, capacity 7220K, committed 7296K, reserved 1056768K
  class space    used 606K, capacity 620K, committed 640K, reserved 1048576K
Event: 9.558 GC heap after
Heap after GC invocations=12 (full 2):
 PSYoungGen      total 232960K, used 0K [0x00000000eab00000, 0x0000000100000000, 0x0000000100000000)
  eden space 116736K, 0% used [0x00000000eab00000,0x00000000eab00000,0x00000000f1d00000)
  from space 116224K, 0% used [0x00000000f8e80000,0x00000000f8e80000,0x0000000100000000)
  to   space 116224K, 0% used [0x00000000f1d00000,0x00000000f1d00000,0x00000000f8e80000)
 ParOldGen       total 330752K, used 144267K [0x00000000c0000000, 0x00000000d4300000, 0x00000000eab00000)
  object space 330752K, 43% used [0x00000000c0000000,0x00000000c8ce2f20,0x00000000d4300000)
 Metaspace       used 6354K, capacity 7220K, committed 7296K, reserved 1056768K
  class space    used 606K, capacity 620K, committed 640K, reserved 1048576K
}
Event: 9.851 GC heap before
{Heap before GC invocations=13 (full 2):
 PSYoungGen      total 232960K, used 116736K [0x00000000eab00000, 0x0000000100000000, 0x0000000100000000)
  eden space 116736K, 100% used [0x00000000eab00000,0x00000000f1d00000,0x00000000f1d00000)
  from space 116224K, 0% used [0x00000000f8e80000,0x00000000f8e80000,0x0000000100000000)
  to   space 116224K, 0% used [0x00000000f1d00000,0x00000000f1d00000,0x00000000f8e80000)
 ParOldGen       total 330752K, used 144267K [0x00000000c0000000, 0x00000000d4300000, 0x00000000eab00000)
  object space 330752K, 43% used [0x00000000c0000000,0x00000000c8ce2f20,0x00000000d4300000)
 Metaspace       used 6354K, capacity 7220K, committed 7296K, reserved 1056768K
  class space    used 606K, capacity 620K, committed 640K, reserved 1048576K
Event: 9.868 GC heap after
Heap after GC invocations=13 (full 2):
 PSYoungGen      total 232960K, used 37505K [0x00000000eab00000, 0x0000000100000000, 0x0000000100000000)
  eden space 116736K, 0% used [0x00000000eab00000,0x00000000eab00000,0x00000000f1d00000)
  from space 116224K, 32% used [0x00000000f1d00000,0x00000000f41a0728,0x00000000f8e80000)
  to   space 116224K, 0% used [0x00000000f8e80000,0x00000000f8e80000,0x0000000100000000)
 ParOldGen       total 330752K, used 144275K [0x00000000c0000000, 0x00000000d4300000, 0x00000000eab00000)
  object space 330752K, 43% used [0x00000000c0000000,0x00000000c8ce4f20,0x00000000d4300000)
 Metaspace       used 6354K, capacity 7220K, committed 7296K, reserved 1056768K
  class space    used 606K, capacity 620K, committed 640K, reserved 1048576K
}
Event: 9.984 GC heap before
{Heap before GC invocations=14 (full 2):
 PSYoungGen      total 232960K, used 154241K [0x00000000eab00000, 0x0000000100000000, 0x0000000100000000)
  eden space 116736K, 100% used [0x00000000eab00000,0x00000000f1d00000,0x00000000f1d00000)
  from space 116224K, 32% used [0x00000000f1d00000,0x00000000f41a0728,0x00000000f8e80000)
  to   space 116224K, 0% used [0x00000000f8e80000,0x00000000f8e80000,0x0000000100000000)
 ParOldGen       total 330752K, used 144275K [0x00000000c0000000, 0x00000000d4300000, 0x00000000eab00000)
  object space 330752K, 43% used [0x00000000c0000000,0x00000000c8ce4f20,0x00000000d4300000)
 Metaspace       used 6357K, capacity 7220K, committed 7296K, reserved 1056768K
  class space    used 606K, capacity 620K, committed 640K, reserved 1048576K
Event: 10.017 GC heap after
Heap after GC invocations=14 (full 2):
 PSYoungGen      total 232960K, used 53251K [0x00000000eab00000, 0x0000000100000000, 0x0000000100000000)
  eden space 116736K, 0% used [0x00000000eab00000,0x00000000eab00000,0x00000000f1d00000)
  from space 116224K, 45% used [0x00000000f8e80000,0x00000000fc280fc0,0x0000000100000000)
  to   space 116224K, 0% used [0x00000000f1d00000,0x00000000f1d00000,0x00000000f8e80000)
 ParOldGen       total 330752K, used 182807K [0x00000000c0000000, 0x00000000d4300000, 0x00000000eab00000)
  object space 330752K, 55% used [0x00000000c0000000,0x00000000cb285d60,0x00000000d4300000)
 Metaspace       used 6357K, capacity 7220K, committed 7296K, reserved 1056768K
  class space    used 606K, capacity 620K, committed 640K, reserved 1048576K
}
Event: 10.140 GC heap before
{Heap before GC invocations=15 (full 2):
 PSYoungGen      total 232960K, used 169987K [0x00000000eab00000, 0x0000000100000000, 0x0000000100000000)
  eden space 116736K, 100% used [0x00000000eab00000,0x00000000f1d00000,0x00000000f1d00000)
  from space 116224K, 45% used [0x00000000f8e80000,0x00000000fc280fc0,0x0000000100000000)
  to   space 116224K, 0% used [0x00000000f1d00000,0x00000000f1d00000,0x00000000f8e80000)
 ParOldGen       total 330752K, used 182807K [0x00000000c0000000, 0x00000000d4300000, 0x00000000eab00000)
  object space 330752K, 55% used [0x00000000c0000000,0x00000000cb285d60,0x00000000d4300000)
 Metaspace       used 6364K, capacity 7220K, committed 7296K, reserved 1056768K
  class space    used 606K, capacity 620K, committed 640K, reserved 1048576K
Event: 10.199 GC heap after
Heap after GC invocations=15 (full 2):
 PSYoungGen      total 152576K, used 35628K [0x00000000eab00000, 0x00000000ffe00000, 0x0000000100000000)
  eden space 116736K, 0% used [0x00000000eab00000,0x00000000eab00000,0x00000000f1d00000)
  from space 35840K, 99% used [0x00000000f1d00000,0x00000000f3fcb2f0,0x00000000f4000000)
  to   space 115200K, 0% used [0x00000000f8d80000,0x00000000f8d80000,0x00000000ffe00000)
 ParOldGen       total 330752K, used 235979K [0x00000000c0000000, 0x00000000d4300000, 0x00000000eab00000)
  object space 330752K, 71% used [0x00000000c0000000,0x00000000ce672ee0,0x00000000d4300000)
 Metaspace       used 6364K, capacity 7220K, committed 7296K, reserved 1056768K
  class space    used 606K, capacity 620K, committed 640K, reserved 1048576K
}

