# JRE version: Java(TM) SE Runtime Environment (8.0_40-b26) (build 1.8.0_40-b26)
# Java VM: Java HotSpot(TM) 64-Bit Server VM (25.40-b25 mixed mode windows-amd64 compressed oops)
Heap:
 PSYoungGen      total 289792K, used 62200K [0x00000000eab00000, 0x0000000100000000, 0x0000000100000000)
  eden space 257536K, 11% used [0x00000000eab00000,0x00000000ec90bd00,0x00000000fa680000)
  from space 32256K, 97% used [0x00000000fa680000,0x00000000fc532510,0x00000000fc600000)
  to   space 37888K, 0% used [0x00000000fdb00000,0x00000000fdb00000,0x0000000100000000)
 ParOldGen       total 175104K, used 59425K [0x00000000c0000000, 0x00000000cab00000, 0x00000000eab00000)
  object space 175104K, 33% used [0x00000000c0000000,0x00000000c3a086d0,0x00000000cab00000)
 Metaspace       used 5224K, capacity 5544K, committed 5760K, reserved 1056768K
  class space    used 560K, capacity 595K, committed 640K, reserved 1048576K
GC Heap History (10 events):
Event: 0.756 GC heap before
{Heap before GC invocations=3 (full 0):
 PSYoungGen      total 76288K, used 76283K [0x00000000eab00000, 0x00000000f4000000, 0x0000000100000000)
  eden space 65536K, 100% used [0x00000000eab00000,0x00000000eeb00000,0x00000000eeb00000)
  from space 10752K, 99% used [0x00000000ef580000,0x00000000efffed48,0x00000000f0000000)
  to   space 10752K, 0% used [0x00000000eeb00000,0x00000000eeb00000,0x00000000ef580000)
 ParOldGen       total 175104K, used 5377K [0x00000000c0000000, 0x00000000cab00000, 0x00000000eab00000)
  object space 175104K, 3% used [0x00000000c0000000,0x00000000c05407d8,0x00000000cab00000)
 Metaspace       used 5181K, capacity 5544K, committed 5760K, reserved 1056768K
  class space    used 560K, capacity 595K, committed 640K, reserved 1048576K
Event: 0.759 GC heap after
Heap after GC invocations=3 (full 0):
 PSYoungGen      total 76288K, used 9363K [0x00000000eab00000, 0x00000000f4000000, 0x0000000100000000)
  eden space 65536K, 0% used [0x00000000eab00000,0x00000000eab00000,0x00000000eeb00000)
  from space 10752K, 87% used [0x00000000eeb00000,0x00000000ef424f10,0x00000000ef580000)
  to   space 10752K, 0% used [0x00000000f3580000,0x00000000f3580000,0x00000000f4000000)
 ParOldGen       total 175104K, used 5385K [0x00000000c0000000, 0x00000000cab00000, 0x00000000eab00000)
  object space 175104K, 3% used [0x00000000c0000000,0x00000000c05427d8,0x00000000cab00000)
 Metaspace       used 5181K, capacity 5544K, committed 5760K, reserved 1056768K
  class space    used 560K, capacity 595K, committed 640K, reserved 1048576K
}
Event: 0.889 GC heap before
{Heap before GC invocations=4 (full 0):
 PSYoungGen      total 76288K, used 74172K [0x00000000eab00000, 0x00000000f4000000, 0x0000000100000000)
  eden space 65536K, 98% used [0x00000000eab00000,0x00000000eea4a420,0x00000000eeb00000)
  from space 10752K, 87% used [0x00000000eeb00000,0x00000000ef424f10,0x00000000ef580000)
  to   space 10752K, 0% used [0x00000000f3580000,0x00000000f3580000,0x00000000f4000000)
 ParOldGen       total 175104K, used 5385K [0x00000000c0000000, 0x00000000cab00000, 0x00000000eab00000)
  object space 175104K, 3% used [0x00000000c0000000,0x00000000c05427d8,0x00000000cab00000)
 Metaspace       used 5185K, capacity 5544K, committed 5760K, reserved 1056768K
  class space    used 560K, capacity 595K, committed 640K, reserved 1048576K
Event: 0.891 GC heap after
Heap after GC invocations=4 (full 0):
 PSYoungGen      total 141824K, used 7527K [0x00000000eab00000, 0x00000000f4000000, 0x0000000100000000)
  eden space 131072K, 0% used [0x00000000eab00000,0x00000000eab00000,0x00000000f2b00000)
  from space 10752K, 70% used [0x00000000f3580000,0x00000000f3cd9fd8,0x00000000f4000000)
  to   space 10752K, 0% used [0x00000000f2b00000,0x00000000f2b00000,0x00000000f3580000)
 ParOldGen       total 175104K, used 5385K [0x00000000c0000000, 0x00000000cab00000, 0x00000000eab00000)
  object space 175104K, 3% used [0x00000000c0000000,0x00000000c05427d8,0x00000000cab00000)
 Metaspace       used 5185K, capacity 5544K, committed 5760K, reserved 1056768K
  class space    used 560K, capacity 595K, committed 640K, reserved 1048576K
}
Event: 1.147 GC heap before
{Heap before GC invocations=5 (full 0):
 PSYoungGen      total 141824K, used 138599K [0x00000000eab00000, 0x00000000f4000000, 0x0000000100000000)
  eden space 131072K, 100% used [0x00000000eab00000,0x00000000f2b00000,0x00000000f2b00000)
  from space 10752K, 70% used [0x00000000f3580000,0x00000000f3cd9fd8,0x00000000f4000000)
  to   space 10752K, 0% used [0x00000000f2b00000,0x00000000f2b00000,0x00000000f3580000)
 ParOldGen       total 175104K, used 5385K [0x00000000c0000000, 0x00000000cab00000, 0x00000000eab00000)
  object space 175104K, 3% used [0x00000000c0000000,0x00000000c05427d8,0x00000000cab00000)
 Metaspace       used 5205K, capacity 5544K, committed 5760K, reserved 1056768K
  class space    used 560K, capacity 595K, committed 640K, reserved 1048576K
Event: 1.154 GC heap after
Heap after GC invocations=5 (full 0):
 PSYoungGen      total 141824K, used 10742K [0x00000000eab00000, 0x00000000fe100000, 0x0000000100000000)
  eden space 131072K, 0% used [0x00000000eab00000,0x00000000eab00000,0x00000000f2b00000)
  from space 10752K, 99% used [0x00000000f2b00000,0x00000000f357d918,0x00000000f3580000)
  to   space 27648K, 0% used [0x00000000fc600000,0x00000000fc600000,0x00000000fe100000)
 ParOldGen       total 175104K, used 22396K [0x00000000c0000000, 0x00000000cab00000, 0x00000000eab00000)
  object space 175104K, 12% used [0x00000000c0000000,0x00000000c15df058,0x00000000cab00000)
 Metaspace       used 5205K, capacity 5544K, committed 5760K, reserved 1056768K
  class space    used 560K, capacity 595K, committed 640K, reserved 1048576K
}
Event: 1.367 GC heap before
{Heap before GC invocations=6 (full 0):
 PSYoungGen      total 141824K, used 141814K [0x00000000eab00000, 0x00000000fe100000, 0x0000000100000000)
  eden space 131072K, 100% used [0x00000000eab00000,0x00000000f2b00000,0x00000000f2b00000)
  from space 10752K, 99% used [0x00000000f2b00000,0x00000000f357d918,0x00000000f3580000)
  to   space 27648K, 0% used [0x00000000fc600000,0x00000000fc600000,0x00000000fe100000)
 ParOldGen       total 175104K, used 22396K [0x00000000c0000000, 0x00000000cab00000, 0x00000000eab00000)
  object space 175104K, 12% used [0x00000000c0000000,0x00000000c15df058,0x00000000cab00000)
 Metaspace       used 5218K, capacity 5544K, committed 5760K, reserved 1056768K
  class space    used 560K, capacity 595K, committed 640K, reserved 1048576K
Event: 1.377 GC heap after
Heap after GC invocations=6 (full 0):
 PSYoungGen      total 285184K, used 26871K [0x00000000eab00000, 0x00000000fea00000, 0x0000000100000000)
  eden space 257536K, 0% used [0x00000000eab00000,0x00000000eab00000,0x00000000fa680000)
  from space 27648K, 97% used [0x00000000fc600000,0x00000000fe03dfc0,0x00000000fe100000)
  to   space 32256K, 0% used [0x00000000fa680000,0x00000000fa680000,0x00000000fc600000)
 ParOldGen       total 175104K, used 38869K [0x00000000c0000000, 0x00000000cab00000, 0x00000000eab00000)
  object space 175104K, 22% used [0x00000000c0000000,0x00000000c25f54d8,0x00000000cab00000)
 Metaspace       used 5218K, capacity 5544K, committed 5760K, reserved 1056768K
  class space    used 560K, capacity 595K, committed 640K, reserved 1048576K
}
Event: 1.809 GC heap before
{Heap before GC invocations=7 (full 0):
 PSYoungGen      total 285184K, used 284407K [0x00000000eab00000, 0x00000000fea00000, 0x0000000100000000)
  eden space 257536K, 100% used [0x00000000eab00000,0x00000000fa680000,0x00000000fa680000)
  from space 27648K, 97% used [0x00000000fc600000,0x00000000fe03dfc0,0x00000000fe100000)
  to   space 32256K, 0% used [0x00000000fa680000,0x00000000fa680000,0x00000000fc600000)
 ParOldGen       total 175104K, used 38869K [0x00000000c0000000, 0x00000000cab00000, 0x00000000eab00000)
  object space 175104K, 22% used [0x00000000c0000000,0x00000000c25f54d8,0x00000000cab00000)
 Metaspace       used 5224K, capacity 5544K, committed 5760K, reserved 1056768K
  class space    used 560K, capacity 595K, committed 640K, reserved 1048576K
Event: 1.818 GC heap after
Heap after GC invocations=7 (full 0):
 PSYoungGen      total 289792K, used 31433K [0x00000000eab00000, 0x0000000100000000, 0x0000000100000000)
  eden space 257536K, 0% used [0x00000000eab00000,0x00000000eab00000,0x00000000fa680000)
  from space 32256K, 97% used [0x00000000fa680000,0x00000000fc532510,0x00000000fc600000)
  to   space 37888K, 0% used [0x00000000fdb00000,0x00000000fdb00000,0x0000000100000000)
 ParOldGen       total 175104K, used 59425K [0x00000000c0000000, 0x00000000cab00000, 0x00000000eab00000)
  object space 175104K, 33% used [0x00000000c0000000,0x00000000c3a086d0,0x00000000cab00000)
 Metaspace       used 5224K, capacity 5544K, committed 5760K, reserved 1056768K
  class space    used 560K, capacity 595K, committed 640K, reserved 1048576K
}

