# JRE version: Java(TM) SE Runtime Environment (8.0_40-b26) (build 1.8.0_40-b26)
# Java VM: Java HotSpot(TM) 64-Bit Server VM (25.40-b25 mixed mode windows-amd64 compressed oops)
Heap:
 PSYoungGen      total 232960K, used 109095K [0x00000000eab00000, 0x0000000100000000, 0x0000000100000000)
  eden space 116736K, 66% used [0x00000000eab00000,0x00000000ef742380,0x00000000f1d00000)
  from space 116224K, 26% used [0x00000000f8e80000,0x00000000facc79d8,0x0000000100000000)
  to   space 116224K, 0% used [0x00000000f1d00000,0x00000000f1d00000,0x00000000f8e80000)
 ParOldGen       total 337408K, used 198961K [0x00000000c0000000, 0x00000000d4980000, 0x00000000eab00000)
  object space 337408K, 58% used [0x00000000c0000000,0x00000000cc24c430,0x00000000d4980000)
 Metaspace       used 6339K, capacity 7220K, committed 7296K, reserved 1056768K
  class space    used 602K, capacity 620K, committed 640K, reserved 1048576K
GC Heap History (10 events):
Event: 17.614 GC heap before
{Heap before GC invocations=11 (full 2):
 PSYoungGen      total 205312K, used 159926K [0x00000000eab00000, 0x0000000100000000, 0x0000000100000000)
  eden space 116736K, 100% used [0x00000000eab00000,0x00000000f1d00000,0x00000000f1d00000)
  from space 88576K, 48% used [0x00000000fa980000,0x00000000fd3ada00,0x0000000100000000)
  to   space 116224K, 0% used [0x00000000f1d00000,0x00000000f1d00000,0x00000000f8e80000)
 ParOldGen       total 337408K, used 143425K [0x00000000c0000000, 0x00000000d4980000, 0x00000000eab00000)
  object space 337408K, 42% used [0x00000000c0000000,0x00000000c8c10680,0x00000000d4980000)
 Metaspace       used 6322K, capacity 7220K, committed 7296K, reserved 1056768K
  class space    used 602K, capacity 620K, committed 640K, reserved 1048576K
Event: 17.708 GC heap after
Heap after GC invocations=11 (full 2):
 PSYoungGen      total 232960K, used 95701K [0x00000000eab00000, 0x0000000100000000, 0x0000000100000000)
  eden space 116736K, 0% used [0x00000000eab00000,0x00000000eab00000,0x00000000f1d00000)
  from space 116224K, 82% used [0x00000000f1d00000,0x00000000f7a757d8,0x00000000f8e80000)
  to   space 116224K, 0% used [0x00000000f8e80000,0x00000000f8e80000,0x0000000100000000)
 ParOldGen       total 337408K, used 143425K [0x00000000c0000000, 0x00000000d4980000, 0x00000000eab00000)
  object space 337408K, 42% used [0x00000000c0000000,0x00000000c8c10680,0x00000000d4980000)
 Metaspace       used 6322K, capacity 7220K, committed 7296K, reserved 1056768K
  class space    used 602K, capacity 620K, committed 640K, reserved 1048576K
}
Event: 18.160 GC heap before
{Heap before GC invocations=12 (full 2):
 PSYoungGen      total 232960K, used 212437K [0x00000000eab00000, 0x0000000100000000, 0x0000000100000000)
  eden space 116736K, 100% used [0x00000000eab00000,0x00000000f1d00000,0x00000000f1d00000)
  from space 116224K, 82% used [0x00000000f1d00000,0x00000000f7a757d8,0x00000000f8e80000)
  to   space 116224K, 0% used [0x00000000f8e80000,0x00000000f8e80000,0x0000000100000000)
 ParOldGen       total 337408K, used 143425K [0x00000000c0000000, 0x00000000d4980000, 0x00000000eab00000)
  object space 337408K, 42% used [0x00000000c0000000,0x00000000c8c10680,0x00000000d4980000)
 Metaspace       used 6322K, capacity 7220K, committed 7296K, reserved 1056768K
  class space    used 602K, capacity 620K, committed 640K, reserved 1048576K
Event: 18.999 GC heap after
Heap after GC invocations=12 (full 2):
 PSYoungGen      total 232960K, used 114612K [0x00000000eab00000, 0x0000000100000000, 0x0000000100000000)
  eden space 116736K, 0% used [0x00000000eab00000,0x00000000eab00000,0x00000000f1d00000)
  from space 116224K, 98% used [0x00000000f8e80000,0x00000000ffe6d388,0x0000000100000000)
  to   space 116224K, 0% used [0x00000000f1d00000,0x00000000f1d00000,0x00000000f8e80000)
 ParOldGen       total 337408K, used 184299K [0x00000000c0000000, 0x00000000d4980000, 0x00000000eab00000)
  object space 337408K, 54% used [0x00000000c0000000,0x00000000cb3fafe0,0x00000000d4980000)
 Metaspace       used 6322K, capacity 7220K, committed 7296K, reserved 1056768K
  class space    used 602K, capacity 620K, committed 640K, reserved 1048576K
}
Event: 19.824 GC heap before
{Heap before GC invocations=13 (full 2):
 PSYoungGen      total 232960K, used 231348K [0x00000000eab00000, 0x0000000100000000, 0x0000000100000000)
  eden space 116736K, 100% used [0x00000000eab00000,0x00000000f1d00000,0x00000000f1d00000)
  from space 116224K, 98% used [0x00000000f8e80000,0x00000000ffe6d388,0x0000000100000000)
  to   space 116224K, 0% used [0x00000000f1d00000,0x00000000f1d00000,0x00000000f8e80000)
 ParOldGen       total 337408K, used 184299K [0x00000000c0000000, 0x00000000d4980000, 0x00000000eab00000)
  object space 337408K, 54% used [0x00000000c0000000,0x00000000cb3fafe0,0x00000000d4980000)
 Metaspace       used 6322K, capacity 7220K, committed 7296K, reserved 1056768K
  class space    used 602K, capacity 620K, committed 640K, reserved 1048576K
Event: 20.809 GC heap after
Heap after GC invocations=13 (full 2):
 PSYoungGen      total 232960K, used 21447K [0x00000000eab00000, 0x0000000100000000, 0x0000000100000000)
  eden space 116736K, 0% used [0x00000000eab00000,0x00000000eab00000,0x00000000f1d00000)
  from space 116224K, 18% used [0x00000000f1d00000,0x00000000f31f1ea8,0x00000000f8e80000)
  to   space 116224K, 0% used [0x00000000f8e80000,0x00000000f8e80000,0x0000000100000000)
 ParOldGen       total 337408K, used 263912K [0x00000000c0000000, 0x00000000d4980000, 0x00000000eab00000)
  object space 337408K, 78% used [0x00000000c0000000,0x00000000d01ba118,0x00000000d4980000)
 Metaspace       used 6322K, capacity 7220K, committed 7296K, reserved 1056768K
  class space    used 602K, capacity 620K, committed 640K, reserved 1048576K
}
Event: 20.809 GC heap before
{Heap before GC invocations=14 (full 3):
 PSYoungGen      total 232960K, used 21447K [0x00000000eab00000, 0x0000000100000000, 0x0000000100000000)
  eden space 116736K, 0% used [0x00000000eab00000,0x00000000eab00000,0x00000000f1d00000)
  from space 116224K, 18% used [0x00000000f1d00000,0x00000000f31f1ea8,0x00000000f8e80000)
  to   space 116224K, 0% used [0x00000000f8e80000,0x00000000f8e80000,0x0000000100000000)
 ParOldGen       total 337408K, used 263912K [0x00000000c0000000, 0x00000000d4980000, 0x00000000eab00000)
  object space 337408K, 78% used [0x00000000c0000000,0x00000000d01ba118,0x00000000d4980000)
 Metaspace       used 6322K, capacity 7220K, committed 7296K, reserved 1056768K
  class space    used 602K, capacity 620K, committed 640K, reserved 1048576K
Event: 24.391 GC heap after
Heap after GC invocations=14 (full 3):
 PSYoungGen      total 232960K, used 0K [0x00000000eab00000, 0x0000000100000000, 0x0000000100000000)
  eden space 116736K, 0% used [0x00000000eab00000,0x00000000eab00000,0x00000000f1d00000)
  from space 116224K, 0% used [0x00000000f1d00000,0x00000000f1d00000,0x00000000f8e80000)
  to   space 116224K, 0% used [0x00000000f8e80000,0x00000000f8e80000,0x0000000100000000)
 ParOldGen       total 337408K, used 198961K [0x00000000c0000000, 0x00000000d4980000, 0x00000000eab00000)
  object space 337408K, 58% used [0x00000000c0000000,0x00000000cc24c430,0x00000000d4980000)
 Metaspace       used 6322K, capacity 7220K, committed 7296K, reserved 1056768K
  class space    used 602K, capacity 620K, committed 640K, reserved 1048576K
}
Event: 27.282 GC heap before
{Heap before GC invocations=15 (full 3):
 PSYoungGen      total 232960K, used 116736K [0x00000000eab00000, 0x0000000100000000, 0x0000000100000000)
  eden space 116736K, 100% used [0x00000000eab00000,0x00000000f1d00000,0x00000000f1d00000)
  from space 116224K, 0% used [0x00000000f1d00000,0x00000000f1d00000,0x00000000f8e80000)
  to   space 116224K, 0% used [0x00000000f8e80000,0x00000000f8e80000,0x0000000100000000)
 ParOldGen       total 337408K, used 198961K [0x00000000c0000000, 0x00000000d4980000, 0x00000000eab00000)
  object space 337408K, 58% used [0x00000000c0000000,0x00000000cc24c430,0x00000000d4980000)
 Metaspace       used 6332K, capacity 7220K, committed 7296K, reserved 1056768K
  class space    used 602K, capacity 620K, committed 640K, reserved 1048576K
Event: 27.505 GC heap after
Heap after GC invocations=15 (full 3):
 PSYoungGen      total 232960K, used 31006K [0x00000000eab00000, 0x0000000100000000, 0x0000000100000000)
  eden space 116736K, 0% used [0x00000000eab00000,0x00000000eab00000,0x00000000f1d00000)
  from space 116224K, 26% used [0x00000000f8e80000,0x00000000facc79d8,0x0000000100000000)
  to   space 116224K, 0% used [0x00000000f1d00000,0x00000000f1d00000,0x00000000f8e80000)
 ParOldGen       total 337408K, used 198961K [0x00000000c0000000, 0x00000000d4980000, 0x00000000eab00000)
  object space 337408K, 58% used [0x00000000c0000000,0x00000000cc24c430,0x00000000d4980000)
 Metaspace       used 6332K, capacity 7220K, committed 7296K, reserved 1056768K
  class space    used 602K, capacity 620K, committed 640K, reserved 1048576K
}

